::1 - GET /api/v1/arena 200 4342 - 23.120 ms
::1 - GET /api/v1/arena?page=1&size=3 200 4342 - 26.491 ms
::1 - GET /api/v1/arena?page=1&size=3 200 4342 - 23.068 ms
::1 - GET /api/v1/arena?page=1&size=3 200 1316 - 19.051 ms
::1 - GET /api/v1/arena?page=1&size=3 200 1367 - 27.254 ms
::1 - GET /api/v1/arena?page=2&size=3 200 1358 - 9.831 ms
::1 - GET /api/v1/arena?page=2&limit=3 200 1382 - 17.924 ms
::1 - GET /api/v1/arena?page=2&limit=3 200 1382 - 4.997 ms
::1 - GET /api/v1/arena?page=4&limit=3 200 481 - 7.330 ms
::1 - GET /api/v1/arena?page=4&limit=3 200 481 - 18.188 ms
::1 - GET /api/v1/arena?page=4&limit=3 200 490 - 28.433 ms
::1 - GET /api/v1/arena?page=4&limit=3 200 490 - 5.371 ms
::1 - GET /api/v1/arena?page=4&limit=3&search=tech 200 490 - 28.488 ms
::1 - GET /api/v1/arena?page=1&limit=3&search=tech 200 1338 - 4.428 ms
::1 - GET /api/v1/arena?page=1&limit=3&search=tech 200 1338 - 4.771 ms
::1 - GET /api/v1/arena?page=1&limit=3&search=lore 200 70 - 2.826 ms
::1 - GET /api/v1/arena?page=1&limit=3&search=tech 200 1338 - 2.957 ms
::1 - GET /api/v1/arena?page=1&limit=3&search=techs 200 70 - 2.540 ms
::1 - GET /api/v1/user 200 1006 - 24.825 ms
::1 - GET /api/v1/user 200 1021 - 31.813 ms
::1 - GET /api/v1/user?search=rahul 200 1021 - 10.051 ms
::1 - GET /api/v1/user?search=admin 200 546 - 3.692 ms
::1 - POST /api/v1/auth/login 200 336 - 202.189 ms
::1 - DELETE /api/v1/user/684f77d5863ce61a09a4efbe 204 - - 13.975 ms
::1 - PUT /api/v1/arena/6850561d928308f89ee8f1b5 200 449 - 38.561 ms
::1 - GET /api/v1/user?search=admin 200 70 - 5.485 ms
::1 - GET /api/v1/user 200 544 - 3.152 ms
::1 - PUT /api/v1/arena/6850561d928308f89ee8f1b5 200 451 - 41.212 ms
::1 - PUT /api/v1/arena/6850561d928308f89ee8f1b5 200 451 - 8.593 ms
::1 - DELETE /api/v1/arena/6850561d928308f89ee8f1b5 204 - - 10.755 ms
::1 - DELETE /api/v1/arena/68505681d5514898c07e0b4e 204 - - 5.328 ms
::1 - GET /api/v1/arena 200 3516 - 13.900 ms
::1 - GET /api/v1/arena?page=1&limit=3&search= 200 1337 - 3.742 ms
::1 - GET /api/v1/user 200 544 - 16.432 ms
::1 - GET /api/v1/user?page=1&limit=1&search=aple 200 70 - 3.230 ms
::1 - GET /api/v1/user?page=1&limit=1&search=ale 200 70 - 2.832 ms
::1 - GET /api/v1/user?page=1&limit=1&search= 200 544 - 3.299 ms
::1 - GET /api/v1/arena?page=1&limit=3&search=It 200 70 - 12.754 ms
::1 - GET /api/v1/arena?page=1&limit=3&search=It 200 70 - 6.058 ms
::1 - GET /api/v1/arena?page=1&limit=3&search=It 200 70 - 3.919 ms
::1 - POST /api/v1/user 200 602 - 207.249 ms
::1 - POST /api/v1/auth/verifyotp 200 35 - 11.335 ms
::1 - POST /api/v1/arena 200 453 - 10.463 ms
::1 - PUT /api/v1/arena/68518ce0df7082531426b212 200 451 - 20.272 ms
::1 - PUT /api/v1/arena/68518ce0df7082531426b212 200 451 - 28.928 ms
::1 - POST /api/v1/arena 200 453 - 26.552 ms
::1 - POST /api/v1/arena 200 453 - 11.203 ms
::1 - POST /api/v1/arena 201 453 - 59.408 ms
::1 - GET /api/v1/arena?page=1&limit=3&search=It 200 1302 - 17.348 ms
::1 - GET /api/v1/arena/like/685196e48ce5518ecb18aaa5 201 35 - 25.220 ms
::1 - GET /api/v1/arena?page=1&limit=3&search=It 200 1328 - 6.132 ms
::1 - GET /api/v1/arena/like/685196e48ce5518ecb18aaa5 204 - - 14.139 ms
::1 - GET /api/v1/arena?page=1&limit=3&search=It 200 1302 - 3.639 ms
::1 - GET /api/v1/arena/like/685196e48ce5518ecb18aaa5 201 35 - 5.343 ms
::1 - GET /api/v1/arena?page=1&limit=3&search=It 200 1328 - 3.121 ms
::1 - GET /api/v1/arena?page=1&limit=3&search=It 200 1362 - 23.621 ms
::1 - GET /api/v1/arena?page=1&limit=3&search=It 200 1362 - 22.549 ms
::1 - GET /api/v1/arena?page=1&limit=3&search=It 200 1362 - 7.020 ms
::1 - GET /api/v1/arena?page=1&limit=3&search=It 200 70 - 19.189 ms
::1 - POST /api/v1/arena 201 453 - 81.375 ms
::1 - POST /api/v1/auth/login 200 339 - 161.969 ms
::1 - POST /api/v1/user 201 602 - 89.476 ms
::1 - POST /api/v1/auth/verifyotp 200 35 - 19.137 ms
::1 - POST /api/v1/arena 201 453 - 11.826 ms
::1 - GET /api/v1/arena?page=1&limit=3&search=It 200 891 - 8.421 ms
::1 - GET /api/v1/arena?page=1&limit=3&search=It 200 1027 - 34.443 ms
::1 - POST /api/v1/arena 201 453 - 70.009 ms
::1 - POST /api/v1/arena 201 453 - 21.842 ms
::1 - POST /api/v1/arena 201 453 - 18.883 ms
::1 - POST /api/v1/arena 201 453 - 16.391 ms
::1 - POST /api/v1/arena 201 453 - 16.713 ms
::1 - POST /api/v1/arena 201 453 - 15.438 ms
::1 - GET /api/v1/arena?page=1&limit=3&search=It 200 1506 - 19.897 ms
::1 - GET /api/v1/arena?page=1&limit=3&search=It 200 1506 - 14.456 ms
::1 - GET /api/v1/arena? 200 3901 - 23.091 ms
::1 - GET /api/v1/arena 200 3901 - 15.721 ms
::1 - GET /api/v1/arena 200 3901 - 28.998 ms
::1 - GET /api/v1/arena 200 3901 - 9.425 ms
::1 - GET /api/v1/arena 200 3901 - 29.867 ms
::1 - GET /api/v1/arena 200 3901 - 9.031 ms
::1 - POST /api/v1/auth/login 200 336 - 70.915 ms
::1 - GET /api/v1/arena 200 3901 - 11.654 ms
::1 - GET /api/v1/arena 200 3901 - 7.844 ms
::1 - POST /api/v1/auth/login 200 343 - 69.636 ms
::1 - GET /api/v1/arena 200 3901 - 6.934 ms
::1 - GET /api/v1/arena 200 3901 - 7.118 ms
::1 - GET /api/v1/arena 200 3901 - 33.192 ms
::1 - GET /api/v1/arena 200 70 - 28.313 ms
::1 - GET /api/v1/arena 200 70 - 5.215 ms
::1 - GET /api/v1/arena 200 548 - 23.916 ms
::1 - GET /api/v1/arena 200 548 - 9.647 ms
::1 - GET /api/v1/arena 200 3422 - 7.839 ms
::1 - GET / 200 45 - 3.853 ms
::1 - POST /api/v1/auth/login/ 200 339 - 210.344 ms
::1 - POST /api/v1/auth/login/ 200 339 - 196.607 ms
::1 - POST /api/v1/auth/login/ 200 339 - 211.953 ms
::1 - POST /api/v1/auth/register/ 201 599 - 145.115 ms
::1 - POST /api/v1/auth/register/ 201 599 - 88.883 ms
::1 - POST /api/v1/auth/register/ 201 599 - 107.270 ms
::1 - POST /api/v1/auth/register/ 201 599 - 93.337 ms
::1 - POST /api/v1/auth/register/ 201 599 - 80.528 ms
::1 - POST /api/v1/auth/login/ 200 339 - 84.961 ms
::1 - POST /api/v1/auth/login 200 343 - 100.232 ms
::1 - GET /api/v1/user?page=1&limit=1&search= 200 544 - 7.444 ms
::1 - GET /api/v1/user?page=1&limit=1&search= 200 544 - 2.540 ms
::1 - GET /api/v1/user?page=1&limit=1&search= 200 544 - 2.580 ms
::1 - GET /api/v1/user?page=1&limit=1&search= 200 546 - 23.276 ms
::1 - GET /api/v1/user?page=1&limit=1&search= 200 546 - 5.050 ms
::1 - GET /api/v1/user?page=1&limit=1&search= 200 546 - 5.487 ms
::1 - GET /api/v1/user?page=1&limit=1&search= 200 546 - 28.975 ms
::1 - GET /api/v1/user?page=1&limit=1&search= 200 541 - 19.410 ms
::1 - GET /api/v1/user?page=1&limit=1&search= 200 541 - 6.031 ms
::1 - GET /api/v1/user?page=1&limit=1&search= 200 528 - 18.686 ms
::1 - GET /api/v1/user?page=1&limit=1&search= 200 476 - 19.214 ms
::1 - GET /api/v1/user?page=1&limit=1&search= 200 544 - 20.778 ms
::1 - GET /api/v1/user?page=1&limit=1&search= 200 544 - 9.937 ms
::1 - GET /api/v1/user?page=1&limit=1&search= 200 519 - 5.647 ms
::1 - GET /api/v1/user?page=1&limit=1&search= 200 519 - 4.835 ms
::1 - GET /api/v1/user?page=1&limit=1&search= 200 487 - 19.267 ms
::1 - GET /api/v1/user?page=1&limit=1&search= 200 487 - 7.456 ms
::1 - GET /api/v1/user/ 200 485 - 12.008 ms
::1 - GET /api/v1/user/ 304 - - 9.786 ms
::1 - GET /api/v1/user/ 304 - - 10.980 ms
::1 - GET /api/v1/user/ 304 - - 14.991 ms
::1 - GET /api/v1/user/ 304 - - 5.508 ms
::1 - GET /api/v1/user/ 304 - - 5.854 ms
::1 - GET /api/v1/user/ 304 - - 5.123 ms
::1 - GET /api/v1/user/ 304 - - 7.840 ms
::1 - GET /api/v1/user/ 304 - - 3.759 ms
::1 - GET /api/v1/user/ 304 - - 3.505 ms
::1 - GET /api/v1/user/ 304 - - 3.889 ms
::1 - GET /api/v1/user/ 304 - - 5.076 ms
::1 - GET /api/v1/user/ 304 - - 7.054 ms
::1 - GET /api/v1/user/ 304 - - 8.637 ms
::1 - GET /api/v1/user/ 304 - - 3.780 ms
::1 - GET /api/v1/user/ 304 - - 3.495 ms
::1 - GET /api/v1/user/ 304 - - 5.506 ms
::1 - GET /api/v1/user/ 304 - - 5.363 ms
::1 - GET /api/v1/user/ 304 - - 7.453 ms
::1 - GET /api/v1/user/ 304 - - 6.482 ms
::1 - GET /api/v1/user/ 304 - - 7.228 ms
::1 - GET /api/v1/user/ 304 - - 7.581 ms
::1 - GET /api/v1/user/ 304 - - 5.196 ms
::1 - GET /api/v1/user/ 304 - - 5.813 ms
::1 - GET /api/v1/user/ 304 - - 6.828 ms
::1 - GET /api/v1/user/ 304 - - 10.448 ms
::1 - GET /api/v1/user/ 304 - - 8.386 ms
::1 - GET /api/v1/user/ 304 - - 4.452 ms
::1 - GET /api/v1/user/ 304 - - 7.361 ms
::1 - GET /api/v1/user/ 304 - - 6.763 ms
::1 - GET /api/v1/user/ 304 - - 4.823 ms
::1 - GET /api/v1/user/ 304 - - 7.593 ms
::1 - GET /api/v1/user/ 304 - - 4.380 ms
::1 - GET /api/v1/user/ 304 - - 8.076 ms
::1 - GET /api/v1/user/ 200 485 - 5.874 ms
::1 - GET /api/v1/user/ 200 485 - 15.333 ms
::1 - GET /api/v1/user/ 304 - - 7.126 ms
::1 - GET /api/v1/user/ 304 - - 8.094 ms
::1 - GET /api/v1/user/ 304 - - 6.555 ms
::1 - GET /api/v1/user/ 304 - - 8.463 ms
::1 - GET /api/v1/user/ 304 - - 6.530 ms
::1 - GET /api/v1/user/ 304 - - 6.502 ms
::1 - PUT /api/v1/user/6852de614700a95e73c5f530/ 200 615 - 18.111 ms
::1 - PUT /api/v1/user/6852de614700a95e73c5f530/ 200 620 - 7.324 ms
::1 - GET /api/v1/user/ 200 506 - 6.521 ms
::1 - PUT /api/v1/user/6852de614700a95e73c5f530/ 200 620 - 12.013 ms
::1 - PUT /api/v1/user/6852de614700a95e73c5f530/ 200 620 - 5.612 ms
::1 - GET /api/v1/user/ 304 - - 34.734 ms
::1 - GET /api/v1/user/ 304 - - 10.221 ms
::1 - PUT /api/v1/user/6852de614700a95e73c5f530/ 200 620 - 12.151 ms
::1 - PUT /api/v1/user/6852de614700a95e73c5f530/ 200 628 - 5.661 ms
::1 - PUT /api/v1/user/6852de614700a95e73c5f530/ 200 620 - 6.679 ms
::1 - PUT /api/v1/user/6852de614700a95e73c5f530/ 200 620 - 8.391 ms
::1 - PUT /api/v1/user/6852de614700a95e73c5f530/ 200 620 - 5.188 ms
::1 - PUT /api/v1/user/6852de614700a95e73c5f530/ 200 620 - 6.321 ms
::1 - GET /api/v1/user/ 200 506 - 11.427 ms
::1 - PUT /api/v1/user/6852de614700a95e73c5f530/ 200 620 - 5.864 ms
::1 - PUT /api/v1/user/6852de614700a95e73c5f530/ 200 620 - 6.676 ms
::1 - PUT /api/v1/user/6852de614700a95e73c5f530/ 200 620 - 6.407 ms
::1 - GET /api/v1/user/ 304 - - 3.955 ms
::1 - PUT /api/v1/user/6852de614700a95e73c5f530/ 200 620 - 6.552 ms
::1 - GET /api/v1/user/ 304 - - 5.784 ms
::1 - GET /api/v1/user/ 304 - - 6.833 ms
::1 - GET /api/v1/user/ 304 - - 8.582 ms
::1 - GET /api/v1/user/ 304 - - 8.380 ms
::1 - GET /api/v1/user/ 304 - - 6.693 ms
::1 - PUT /api/v1/user/6852de614700a95e73c5f530/ 200 620 - 6.704 ms
::1 - PUT /api/v1/user/6852de614700a95e73c5f530/ 200 620 - 62.579 ms
::1 - PUT /api/v1/user/6852de614700a95e73c5f530/ 200 620 - 9.099 ms
::1 - PUT /api/v1/user/6852de614700a95e73c5f530/ 200 620 - 10.182 ms
::1 - PUT /api/v1/user/6852de614700a95e73c5f530/ 200 620 - 7.054 ms
::1 - PUT /api/v1/user/6852de614700a95e73c5f530/ 200 620 - 6.943 ms
::1 - PUT /api/v1/user/6852de614700a95e73c5f530/ 200 620 - 7.059 ms
::1 - POST /api/v1/auth/login/ 200 343 - 235.104 ms
::1 - GET /api/v1/user/ 200 487 - 19.275 ms
::1 - GET /api/v1/user/ 304 - - 9.192 ms
::1 - GET /api/v1/user/ 304 - - 9.008 ms
::1 - GET /api/v1/user/ 304 - - 6.412 ms
::1 - GET /api/v1/user/ 304 - - 30.277 ms
::1 - GET /api/v1/auth/google 302 0 - 1.446 ms
::1 - GET /api/v1/user/ 304 - - 12.011 ms
::1 - GET /api/v1/user/ 304 - - 8.353 ms
::1 - GET /api/v1/auth/google 302 0 - 0.838 ms
::1 - GET /api/v1/user/ 304 - - 6.090 ms
::1 - GET /api/v1/auth/google 302 0 - 0.478 ms
::1 - GET /api/v1/user/ 304 - - 6.711 ms
::1 - GET /api/v1/auth/google 302 0 - 0.575 ms
::1 - GET /api/v1/user/ 304 - - 52.792 ms
::1 - GET /api/v1/auth/google 302 0 - 2.017 ms
::1 - GET /api/v1/user/ 304 - - 41.120 ms
::1 - GET /api/v1/auth/google 302 0 - 1.413 ms
::1 - GET /api/v1/user/ 304 - - 36.615 ms
::1 - GET /api/v1/auth/google 302 0 - 1.781 ms
::1 - GET /api/v1/user/ 304 - - 8.948 ms
::1 - GET /api/v1/auth/google 302 0 - 0.435 ms
::1 - GET /api/v1/user/ 200 487 - 53.788 ms
::1 - GET /api/v1/user/ 200 487 - 7.010 ms
::1 - GET /api/v1/auth/google 302 0 - 1.987 ms
::1 - GET /api/v1/auth/google/callback?code=4%2F0AUJR-x6VR2Sj6CFQBrY6Crl6tZ1h_vJq5xLRY7G5BimrWvgN9vPpu8pvw-QX64FcxKqkBQ&scope=email+profile+https%3A%2F%2Fwww.googleapis.com%2Fauth%2Fuserinfo.profile+openid+https%3A%2F%2Fwww.googleapis.com%2Fauth%2Fuserinfo.email&authuser=0&prompt=none 302 55 - 916.864 ms
::1 - GET /api/v1/user/ 304 - - 9.780 ms
::1 - GET /api/v1/auth/google 302 0 - 2.653 ms
::1 - GET /api/v1/auth/google/callback?code=4%2F0AUJR-x7Cu_zJ3MtLJlz5jnFTy3ts-kErdZ0wfR7gsuNbhsQRwYJUHKy2v1eAYoytlB1zTA&scope=email+profile+openid+https%3A%2F%2Fwww.googleapis.com%2Fauth%2Fuserinfo.profile+https%3A%2F%2Fwww.googleapis.com%2Fauth%2Fuserinfo.email&authuser=0&prompt=none 302 55 - 939.165 ms
::1 - GET /api/v1/user/ 304 - - 15.995 ms
::1 - GET /api/v1/user/ 304 - - 31.484 ms
::1 - GET /api/v1/user/ 304 - - 7.433 ms
::1 - GET /api/v1/auth/google?tokeneyJhbGciOiJIUzI1NiIsInR5cCI6IkpXVCJ9.eyJfaWQiOiI2ODUyMTZkNjNjMjlmMTMxZmY0NzQ0ZDAiLCJ1c2VybmFtZSI6InRlc3R1c2VyIiwiaWF0IjoxNzUwMjk3MzA2LCJleHAiOjE3NTAzMjczMDZ9.drjQP_zJlny0-BOWQEg1SRQSaOQzq5ioH3LrPl4Y_Uc 302 0 - 2.362 ms
::1 - GET /api/v1/auth/google/callback?code=4%2F0AUJR-x55KvypiNfwregXExFHlsq9ceeD3dQJhHCJEZrEhhV_tDJPeRVecVkTA--WGfzeiQ&scope=email+profile+https%3A%2F%2Fwww.googleapis.com%2Fauth%2Fuserinfo.profile+openid+https%3A%2F%2Fwww.googleapis.com%2Fauth%2Fuserinfo.email&authuser=0&prompt=none 302 55 - 615.231 ms
::1 - GET /api/v1/user/ 304 - - 7.564 ms
::1 - GET /api/v1/user/ 304 - - 11.151 ms
::1 - GET /api/v1/user/ 304 - - 18.166 ms
::1 - GET /api/v1/user/ 304 - - 9.328 ms
::1 - GET /api/v1/user/ 304 - - 12.946 ms
::1 - GET /api/v1/user/ 304 - - 12.056 ms
::1 - GET /api/v1/auth/google?tokeneyJhbGciOiJIUzI1NiIsInR5cCI6IkpXVCJ9.eyJfaWQiOiI2ODUyMTZkNjNjMjlmMTMxZmY0NzQ0ZDAiLCJ1c2VybmFtZSI6InRlc3R1c2VyIiwiaWF0IjoxNzUwMjk3MzA2LCJleHAiOjE3NTAzMjczMDZ9.drjQP_zJlny0-BOWQEg1SRQSaOQzq5ioH3LrPl4Y_Uc 302 0 - 2.017 ms
::1 - GET /api/v1/auth/google/callback?code=4%2F0AUJR-x42i9H26P_me5QhGDcRtYCK9yOvSsYnO4GLjQrloAZDzOFcnFpg-TWYqoyyHCoXTQ&scope=email+profile+https%3A%2F%2Fwww.googleapis.com%2Fauth%2Fuserinfo.email+openid+https%3A%2F%2Fwww.googleapis.com%2Fauth%2Fuserinfo.profile&authuser=0&prompt=none 302 55 - 544.574 ms
::1 - GET /api/v1/user/ 304 - - 5.453 ms
::1 - GET /api/v1/user/ 304 - - 43.280 ms
::1 - GET /api/v1/auth/google?tokeneyJhbGciOiJIUzI1NiIsInR5cCI6IkpXVCJ9.eyJfaWQiOiI2ODUyMTZkNjNjMjlmMTMxZmY0NzQ0ZDAiLCJ1c2VybmFtZSI6InRlc3R1c2VyIiwiaWF0IjoxNzUwMjk3MzA2LCJleHAiOjE3NTAzMjczMDZ9.drjQP_zJlny0-BOWQEg1SRQSaOQzq5ioH3LrPl4Y_Uc 302 0 - 2.642 ms
::1 - GET /api/v1/user/ 304 - - 32.254 ms
::1 - GET /api/v1/auth/google?tokeneyJhbGciOiJIUzI1NiIsInR5cCI6IkpXVCJ9.eyJfaWQiOiI2ODUyMTZkNjNjMjlmMTMxZmY0NzQ0ZDAiLCJ1c2VybmFtZSI6InRlc3R1c2VyIiwiaWF0IjoxNzUwMjk3MzA2LCJleHAiOjE3NTAzMjczMDZ9.drjQP_zJlny0-BOWQEg1SRQSaOQzq5ioH3LrPl4Y_Uc 302 0 - 3.566 ms
::1 - GET /api/v1/user/ 304 - - 33.597 ms
::1 - GET /api/v1/auth/google?token=eyJhbGciOiJIUzI1NiIsInR5cCI6IkpXVCJ9.eyJfaWQiOiI2ODUyMTZkNjNjMjlmMTMxZmY0NzQ0ZDAiLCJ1c2VybmFtZSI6InRlc3R1c2VyIiwiaWF0IjoxNzUwMjk3MzA2LCJleHAiOjE3NTAzMjczMDZ9.drjQP_zJlny0-BOWQEg1SRQSaOQzq5ioH3LrPl4Y_Uc 302 0 - 1.995 ms
::1 - GET /api/v1/user/ 304 - - 25.588 ms
::1 - GET /api/v1/auth/google?token=eyJhbGciOiJIUzI1NiIsInR5cCI6IkpXVCJ9.eyJfaWQiOiI2ODUyMTZkNjNjMjlmMTMxZmY0NzQ0ZDAiLCJ1c2VybmFtZSI6InRlc3R1c2VyIiwiaWF0IjoxNzUwMjk3MzA2LCJleHAiOjE3NTAzMjczMDZ9.drjQP_zJlny0-BOWQEg1SRQSaOQzq5ioH3LrPl4Y_Uc 302 0 - 3.842 ms
::1 - POST /api/v1/auth/login/ 200 339 - 107.346 ms
::1 - GET /api/v1/user/ 200 484 - 11.612 ms
::1 - GET /api/v1/user/ 304 - - 7.017 ms
::1 - GET /api/v1/user/ 304 - - 8.161 ms
::1 - GET /api/v1/user/ 304 - - 5.239 ms
::1 - GET /api/v1/user/ 304 - - 8.345 ms
::1 - GET /api/v1/user/ 304 - - 8.379 ms
::1 - GET /api/v1/user/ 304 - - 5.954 ms
::1 - GET /api/v1/user/ 304 - - 4.692 ms
::1 - GET /api/v1/user/ 304 - - 5.235 ms
::1 - POST /api/v1/auth/login/ 200 339 - 76.748 ms
::1 - GET /api/v1/user/ 304 - - 3.933 ms
::1 - GET /api/v1/user/ 304 - - 4.737 ms
::1 - GET /api/v1/user/ 304 - - 5.244 ms
::1 - GET /api/v1/user/ 304 - - 5.065 ms
::1 - POST /api/v1/auth/login/ 200 339 - 81.338 ms
::1 - GET /api/v1/user/ 304 - - 5.029 ms
::1 - GET /api/v1/user/ 304 - - 4.013 ms
::1 - GET /api/v1/user/ 304 - - 5.574 ms
::1 - GET /api/v1/user/ 304 - - 7.830 ms
::1 - GET /api/v1/user/ 304 - - 7.779 ms
::1 - GET /api/v1/user/ 304 - - 4.664 ms
::1 - POST /api/v1/auth/login/ 200 339 - 99.328 ms
::1 - GET /api/v1/user/ 304 - - 4.869 ms
::1 - GET /api/v1/user/ 304 - - 7.801 ms
::1 - GET /api/v1/user/ 304 - - 7.129 ms
::1 - GET /api/v1/user/ 304 - - 6.026 ms
::1 - GET /api/v1/user/ 304 - - 6.206 ms
::1 - GET /api/v1/user/ 304 - - 4.787 ms
::1 - GET /api/v1/user/ 304 - - 7.089 ms
::1 - GET /api/v1/user/ 304 - - 6.248 ms
::1 - POST /api/v1/auth/login/ 200 339 - 76.213 ms
::1 - POST /api/v1/auth/login/ 200 339 - 80.695 ms
::1 - GET /api/v1/user/ 304 - - 7.739 ms
::1 - GET /api/v1/user/ 304 - - 5.273 ms
::1 - POST /api/v1/auth/login/ 200 339 - 77.927 ms
::1 - GET /api/v1/user/ 304 - - 5.695 ms
::1 - GET /api/v1/user/ 304 - - 5.739 ms
::1 - GET /api/v1/user/ 304 - - 4.675 ms
::1 - POST /api/v1/auth/login/ 200 339 - 89.903 ms
::1 - GET /api/v1/user/ 304 - - 4.413 ms
::1 - GET /api/v1/user/ 304 - - 8.190 ms
::1 - POST /api/v1/auth/login/ 200 339 - 81.423 ms
::1 - GET /api/v1/user/ 304 - - 5.977 ms
::1 - GET /api/v1/user/ 304 - - 7.065 ms
::1 - POST /api/v1/auth/login/ 200 339 - 243.395 ms
::1 - GET /api/v1/user/ 304 - - 22.167 ms
::1 - POST /api/v1/auth/login/ 200 339 - 217.848 ms
::1 - GET /api/v1/user/ 304 - - 11.682 ms
::1 - GET /api/v1/user/ 304 - - 7.906 ms
::1 - GET /api/v1/user/ 304 - - 8.340 ms
::1 - GET /api/v1/user/ 304 - - 8.036 ms
::1 - GET /api/v1/user/ 304 - - 10.794 ms
::1 - GET /api/v1/user/ 304 - - 13.465 ms
::1 - POST /api/v1/auth/login/ 200 339 - 74.178 ms
::1 - GET /api/v1/user/ 304 - - 7.638 ms
::1 - GET /api/v1/user/ 304 - - 5.492 ms
::1 - GET /api/v1/user/ 304 - - 4.829 ms
::1 - GET /api/v1/user/ 304 - - 5.856 ms
::1 - POST /api/v1/auth/login/ 200 339 - 197.939 ms
::1 - GET /api/v1/user/ 304 - - 8.267 ms
::1 - GET /api/v1/user/ 304 - - 9.632 ms
::1 - GET /api/v1/user/ 304 - - 7.182 ms
::1 - GET /api/v1/user/ 304 - - 6.946 ms
::1 - GET /api/v1/user/ 304 - - 3.963 ms
::1 - GET /api/v1/user/ 304 - - 4.335 ms
::1 - GET /api/v1/user/ 304 - - 7.408 ms
::1 - GET /api/v1/user/ 304 - - 6.035 ms
::1 - GET /api/v1/user/ 304 - - 11.668 ms
::1 - GET /api/v1/user/ 304 - - 6.321 ms
::1 - GET /api/v1/user/ 304 - - 5.293 ms
::1 - GET /api/v1/user/ 304 - - 5.376 ms
::1 - GET /api/v1/user/ 304 - - 5.728 ms
::1 - GET /api/v1/user/ 304 - - 3.735 ms
::1 - GET /api/v1/user/ 304 - - 5.898 ms
::1 - GET /api/v1/user/ 304 - - 5.055 ms
::1 - GET /api/v1/user/ 304 - - 13.122 ms
::1 - GET /api/v1/user/ 304 - - 5.350 ms
::1 - GET /api/v1/user/ 304 - - 5.255 ms
::1 - GET /api/v1/user/ 304 - - 4.707 ms
::1 - GET /api/v1/user/ 304 - - 6.099 ms
::1 - GET /api/v1/user/ 304 - - 5.627 ms
::1 - GET /api/v1/user/ 304 - - 4.116 ms
::1 - GET /api/v1/user/ 304 - - 4.788 ms
::1 - GET /api/v1/user/ 304 - - 4.425 ms
::1 - GET /api/v1/user/ 304 - - 5.402 ms
::1 - GET /api/v1/user/ 304 - - 4.451 ms
::1 - GET /api/v1/user/ 304 - - 5.295 ms
::1 - GET /api/v1/user/ 304 - - 5.659 ms
::1 - GET /api/v1/user/ 304 - - 8.646 ms
::1 - GET /api/v1/user/ 304 - - 5.037 ms
::1 - GET /api/v1/user/ 304 - - 4.648 ms
::1 - GET /api/v1/user/ 304 - - 4.896 ms
::1 - GET /api/v1/user/ 304 - - 4.752 ms
::1 - GET /api/v1/user/ 304 - - 6.665 ms
::1 - GET /api/v1/user/ 304 - - 5.525 ms
::1 - GET /api/v1/user/ 304 - - 6.577 ms
::1 - GET /api/v1/user/ 304 - - 4.568 ms
::1 - GET /api/v1/user/ 304 - - 7.649 ms
::1 - GET /api/v1/user/ 304 - - 8.581 ms
::1 - GET /api/v1/user/ 304 - - 6.421 ms
::1 - GET /api/v1/user/ 304 - - 4.765 ms
::1 - GET /api/v1/user/ 304 - - 4.665 ms
::1 - GET /api/v1/user/ 304 - - 5.676 ms
::1 - GET /api/v1/user/ 304 - - 6.820 ms
::1 - GET /api/v1/user/ 304 - - 9.510 ms
::1 - GET /api/v1/user/ 304 - - 10.361 ms
::1 - GET /api/v1/user/ 304 - - 7.152 ms
::1 - GET /api/v1/user/ 304 - - 6.444 ms
::1 - GET /api/v1/user/ 304 - - 8.673 ms
::1 - GET /api/v1/user/ 304 - - 5.951 ms
::1 - GET /api/v1/user/ 304 - - 3.715 ms
::1 - GET /api/v1/user/ 304 - - 7.993 ms
::1 - GET /api/v1/user/ 304 - - 5.088 ms
::1 - GET /api/v1/user/ 304 - - 7.052 ms
::1 - GET /api/v1/user/ 304 - - 4.298 ms
::1 - GET /api/v1/user/ 304 - - 5.882 ms
::1 - GET /api/v1/user/ 304 - - 5.298 ms
::1 - GET /api/v1/user/ 304 - - 8.503 ms
::1 - GET /api/v1/user/ 304 - - 4.622 ms
::1 - GET /api/v1/user/ 304 - - 8.755 ms
::1 - GET /api/v1/user/ 304 - - 4.469 ms
::1 - GET /api/v1/user/ 304 - - 8.671 ms
::1 - GET /api/v1/user/ 304 - - 13.104 ms
::1 - GET /api/v1/user/ 304 - - 6.038 ms
::1 - GET /api/v1/user/ 304 - - 4.567 ms
::1 - GET /api/v1/user/ 304 - - 5.088 ms
::1 - GET /api/v1/user/ 304 - - 4.517 ms
::1 - GET /api/v1/user/ 304 - - 5.238 ms
::1 - GET /api/v1/user/ 304 - - 5.415 ms
::1 - GET /api/v1/user/ 304 - - 6.928 ms
::1 - GET /api/v1/user/ 304 - - 6.813 ms
::1 - GET /api/v1/user/ 304 - - 6.713 ms
::1 - GET /api/v1/user/ 304 - - 6.070 ms
::1 - GET /api/v1/user/ 304 - - 5.904 ms
::1 - GET /api/v1/user/ 304 - - 4.675 ms
::1 - GET /api/v1/user/ 304 - - 7.776 ms
::1 - GET /api/v1/user/ 304 - - 10.012 ms
::1 - GET /api/v1/user/ 304 - - 5.833 ms
::1 - GET /api/v1/user/ 304 - - 5.147 ms
::1 - GET /api/v1/user/ 304 - - 5.374 ms
::1 - GET /api/v1/user/ 304 - - 3.650 ms
::1 - GET /api/v1/user/ 304 - - 7.128 ms
::1 - GET /api/v1/user/ 304 - - 6.050 ms
::1 - GET /api/v1/user/ 304 - - 5.144 ms
::1 - GET /api/v1/user/ 304 - - 4.234 ms
::1 - GET /api/v1/user/ 304 - - 6.802 ms
::1 - GET /api/v1/user/ 304 - - 4.202 ms
::1 - GET /api/v1/user/ 304 - - 6.644 ms
::1 - GET /api/v1/user/ 304 - - 7.539 ms
::1 - GET /api/v1/user/ 304 - - 5.177 ms
::1 - GET /api/v1/user/ 304 - - 6.218 ms
::1 - GET /api/v1/user/ 304 - - 6.216 ms
::1 - GET /api/v1/user/ 304 - - 5.037 ms
::1 - GET /api/v1/user/ 304 - - 3.740 ms
::1 - GET /api/v1/user/ 304 - - 5.957 ms
::1 - GET /api/v1/user/ 304 - - 6.642 ms
::1 - GET /api/v1/user/ 304 - - 23.901 ms
::1 - GET /api/v1/user/ 304 - - 14.519 ms
::1 - POST /api/v1/auth/login/ 200 339 - 199.842 ms
::1 - GET /api/v1/user/ 304 - - 8.934 ms
::1 - GET /api/v1/user/ 304 - - 18.452 ms
::1 - GET /api/v1/user/ 304 - - 6.176 ms
::1 - GET /api/v1/user/ 304 - - 3.791 ms
::1 - GET /api/v1/user/ 304 - - 7.897 ms
::1 - GET /api/v1/user/ 304 - - 5.501 ms
::1 - GET /api/v1/user/ 304 - - 8.423 ms
::1 - GET /api/v1/user/ 304 - - 8.939 ms
::1 - GET /api/v1/user/ 304 - - 5.286 ms
::1 - GET /api/v1/user/ 304 - - 6.072 ms
::1 - GET /api/v1/user/ 304 - - 7.704 ms
::1 - GET /api/v1/user/ 304 - - 5.836 ms
::1 - GET /api/v1/user/ 304 - - 8.009 ms
::1 - GET /api/v1/user/ 304 - - 5.653 ms
::1 - GET /api/v1/user/ 304 - - 5.483 ms
::1 - GET /api/v1/user/ 304 - - 6.970 ms
::1 - GET /api/v1/user/ 304 - - 5.017 ms
::1 - GET /api/v1/user/ 304 - - 5.266 ms
::1 - GET /api/v1/user/ 304 - - 4.374 ms
::1 - GET /api/v1/user/ 304 - - 6.428 ms
::1 - GET /api/v1/user/ 304 - - 6.023 ms
::1 - GET /api/v1/user/ 304 - - 9.820 ms
::1 - GET /api/v1/user/ 304 - - 5.452 ms
::1 - GET /api/v1/user/ 304 - - 5.341 ms
::1 - GET /api/v1/user/ 304 - - 3.890 ms
::1 - GET /api/v1/user/ 304 - - 5.442 ms
::1 - GET /api/v1/user/ 304 - - 9.008 ms
::1 - GET /api/v1/user/ 304 - - 6.384 ms
::1 - GET /api/v1/user/ 304 - - 5.847 ms
::1 - GET /api/v1/user/ 304 - - 5.248 ms
::1 - GET /api/v1/user/ 304 - - 7.475 ms
::1 - GET /api/v1/auth/google?token=eyJhbGciOiJIUzI1NiIsInR5cCI6IkpXVCJ9.eyJfaWQiOiI2ODUxOGM3ZWRmNzA4MjUzMTQyNmIxZmMiLCJ1c2VybmFtZSI6ImFkbWluIiwiaWF0IjoxNzUwMzQ1NzY3LCJleHAiOjE3NTAzNzU3Njd9.KFykN4AM6z2l6npa_G1ZVKfLuGO6xv_Td2M9TW_9PyA 302 0 - 1.774 ms
::1 - GET /api/v1/user/ 304 - - 22.840 ms
::1 - GET /api/v1/auth/google?token=eyJhbGciOiJIUzI1NiIsInR5cCI6IkpXVCJ9.eyJfaWQiOiI2ODUxOGM3ZWRmNzA4MjUzMTQyNmIxZmMiLCJ1c2VybmFtZSI6ImFkbWluIiwiaWF0IjoxNzUwMzQ1NzY3LCJleHAiOjE3NTAzNzU3Njd9.KFykN4AM6z2l6npa_G1ZVKfLuGO6xv_Td2M9TW_9PyA 302 0 - 4.987 ms
::1 - GET /api/v1/auth/google/callback?code=4%2F0AUJR-x4RmLZZL0sqYNGCtMBOlXQQm5fYv_gcU6KEmv7xJvzgjm5YmnntQl74zWdVRiVfkg&scope=email+profile+https%3A%2F%2Fwww.googleapis.com%2Fauth%2Fuserinfo.email+https%3A%2F%2Fwww.googleapis.com%2Fauth%2Fuserinfo.profile+openid&authuser=0&prompt=none 302 55 - 708.428 ms
::1 - GET /api/v1/user/ 304 - - 31.585 ms
::1 - GET /api/v1/user/ 304 - - 18.599 ms
::1 - GET /api/v1/user/ 304 - - 27.697 ms
::1 - GET /api/v1/user/ 304 - - 9.619 ms
::1 - GET /api/v1/auth/google?token=eyJhbGciOiJIUzI1NiIsInR5cCI6IkpXVCJ9.eyJfaWQiOiI2ODUxOGM3ZWRmNzA4MjUzMTQyNmIxZmMiLCJ1c2VybmFtZSI6ImFkbWluIiwiaWF0IjoxNzUwMzQ1NzY3LCJleHAiOjE3NTAzNzU3Njd9.KFykN4AM6z2l6npa_G1ZVKfLuGO6xv_Td2M9TW_9PyA 302 0 - 1.241 ms
::1 - GET /api/v1/auth/google/callback?code=4%2F0AVMBsJhtkn-XKaDY1p1iiFbA6nvbWoPrQR7P9kdZKDcLTMG8iJFMdAI1i0r9klBAbIBErA&scope=email+profile+https%3A%2F%2Fwww.googleapis.com%2Fauth%2Fuserinfo.email+https%3A%2F%2Fwww.googleapis.com%2Fauth%2Fuserinfo.profile+openid&authuser=0&prompt=none 302 55 - 2206.424 ms
::1 - GET /api/v1/user/ 304 - - 22.345 ms
::1 - GET /api/v1/auth/google?token=eyJhbGciOiJIUzI1NiIsInR5cCI6IkpXVCJ9.eyJfaWQiOiI2ODUxOGM3ZWRmNzA4MjUzMTQyNmIxZmMiLCJ1c2VybmFtZSI6ImFkbWluIiwiaWF0IjoxNzUwMzQ1NzY3LCJleHAiOjE3NTAzNzU3Njd9.KFykN4AM6z2l6npa_G1ZVKfLuGO6xv_Td2M9TW_9PyA 302 0 - 3.426 ms
::1 - GET /api/v1/auth/google/callback?code=4%2F0AUJR-x4tDs2Akc1V4adNtERhe3ehCp9KcoWMYHSTMKCLdLEqtXWFXI2J3wZXkrB48XccKA&scope=email+profile+https%3A%2F%2Fwww.googleapis.com%2Fauth%2Fuserinfo.email+https%3A%2F%2Fwww.googleapis.com%2Fauth%2Fuserinfo.profile+openid&authuser=0&prompt=none 302 55 - 989.395 ms
::1 - GET /api/v1/user/ 304 - - 24.384 ms
::1 - GET /api/v1/auth/google?token=eyJhbGciOiJIUzI1NiIsInR5cCI6IkpXVCJ9.eyJfaWQiOiI2ODUxOGM3ZWRmNzA4MjUzMTQyNmIxZmMiLCJ1c2VybmFtZSI6ImFkbWluIiwiaWF0IjoxNzUwMzQ1NzY3LCJleHAiOjE3NTAzNzU3Njd9.KFykN4AM6z2l6npa_G1ZVKfLuGO6xv_Td2M9TW_9PyA 302 0 - 5.866 ms
::1 - GET /api/v1/auth/google/callback?code=4%2F0AUJR-x6a42jR4CG8sgp9wFI3mk6xboDrlrhFyOm1TbdN54yVwt_cWGdn18EDMRTnVZ1dKg&scope=email+profile+https%3A%2F%2Fwww.googleapis.com%2Fauth%2Fuserinfo.email+https%3A%2F%2Fwww.googleapis.com%2Fauth%2Fuserinfo.profile+openid&authuser=0&prompt=none 302 55 - 611.834 ms
::1 - GET /api/v1/user/ 304 - - 20.650 ms
::1 - GET /api/v1/auth/google?token=eyJhbGciOiJIUzI1NiIsInR5cCI6IkpXVCJ9.eyJfaWQiOiI2ODUxOGM3ZWRmNzA4MjUzMTQyNmIxZmMiLCJ1c2VybmFtZSI6ImFkbWluIiwiaWF0IjoxNzUwMzQ1NzY3LCJleHAiOjE3NTAzNzU3Njd9.KFykN4AM6z2l6npa_G1ZVKfLuGO6xv_Td2M9TW_9PyA 302 0 - 3.492 ms
::1 - GET /api/v1/auth/google/callback?code=4%2F0AVMBsJgPK1PwehleykEs0F4fjuGsEfWeXQbb7Gd6yWKeuXiX65qpuVLEo841dX3Mc3rsvQ&scope=email+profile+https%3A%2F%2Fwww.googleapis.com%2Fauth%2Fuserinfo.profile+openid+https%3A%2F%2Fwww.googleapis.com%2Fauth%2Fuserinfo.email&authuser=0&prompt=none 302 55 - 710.245 ms
::1 - GET /api/v1/user/ 304 - - 57.231 ms
::1 - GET /api/v1/user/ 304 - - 19.152 ms
::1 - GET /api/v1/user/ 304 - - 17.526 ms
::1 - GET /api/v1/user/ 304 - - 27.102 ms
::1 - GET /api/v1/auth/google?token=eyJhbGciOiJIUzI1NiIsInR5cCI6IkpXVCJ9.eyJfaWQiOiI2ODUxOGM3ZWRmNzA4MjUzMTQyNmIxZmMiLCJ1c2VybmFtZSI6ImFkbWluIiwiaWF0IjoxNzUwMzQ1NzY3LCJleHAiOjE3NTAzNzU3Njd9.KFykN4AM6z2l6npa_G1ZVKfLuGO6xv_Td2M9TW_9PyA 302 0 - 3.114 ms
::1 - GET /api/v1/auth/google/callback?code=4%2F0AUJR-x5T_djfD7inGlUqswfGARtvFKrtmkU8gTnEsE23axCz3UJv4QIwwpVlo2H-ZiAoXA&scope=email+profile+openid+https%3A%2F%2Fwww.googleapis.com%2Fauth%2Fuserinfo.profile+https%3A%2F%2Fwww.googleapis.com%2Fauth%2Fuserinfo.email&authuser=0&prompt=none 302 55 - 1702.625 ms
::1 - GET /api/v1/user/ 200 509 - 70.800 ms
::1 - GET /api/v1/auth/google?token=eyJhbGciOiJIUzI1NiIsInR5cCI6IkpXVCJ9.eyJfaWQiOiI2ODUxOGM3ZWRmNzA4MjUzMTQyNmIxZmMiLCJ1c2VybmFtZSI6ImFkbWluIiwiaWF0IjoxNzUwMzQ1NzY3LCJleHAiOjE3NTAzNzU3Njd9.KFykN4AM6z2l6npa_G1ZVKfLuGO6xv_Td2M9TW_9PyA 302 0 - 4.319 ms
::1 - GET /api/v1/auth/google/callback?code=4%2F0AUJR-x6pRJ9LhzbwsqImXFTiIG879zMEaH4c8APws6Jbgw6X2uS1ttfqJ_c6dRFp6kP4kw&scope=email+profile+https%3A%2F%2Fwww.googleapis.com%2Fauth%2Fuserinfo.email+openid+https%3A%2F%2Fwww.googleapis.com%2Fauth%2Fuserinfo.profile&authuser=0&prompt=none 302 55 - 625.816 ms
::1 - GET /api/v1/user/ 200 507 - 16.861 ms
::1 - GET /api/v1/user/ 304 - - 16.878 ms
::1 - GET /api/v1/user/ 304 - - 15.149 ms
::1 - GET /api/v1/user/ 304 - - 49.641 ms
::1 - GET /api/v1/auth/x?token=eyJhbGciOiJIUzI1NiIsInR5cCI6IkpXVCJ9.eyJfaWQiOiI2ODUxOGM3ZWRmNzA4MjUzMTQyNmIxZmMiLCJ1c2VybmFtZSI6ImFkbWluIiwiaWF0IjoxNzUwMzQ1NzY3LCJleHAiOjE3NTAzNzU3Njd9.KFykN4AM6z2l6npa_G1ZVKfLuGO6xv_Td2M9TW_9PyA 302 0 - 4.480 ms
::1 - GET /api/v1/user/ 304 - - 40.578 ms
::1 - GET /api/v1/user/ 304 - - 16.599 ms
::1 - GET /api/v1/auth/x?token=eyJhbGciOiJIUzI1NiIsInR5cCI6IkpXVCJ9.eyJfaWQiOiI2ODUxOGM3ZWRmNzA4MjUzMTQyNmIxZmMiLCJ1c2VybmFtZSI6ImFkbWluIiwiaWF0IjoxNzUwMzQ1NzY3LCJleHAiOjE3NTAzNzU3Njd9.KFykN4AM6z2l6npa_G1ZVKfLuGO6xv_Td2M9TW_9PyA 302 0 - 1.714 ms
::1 - GET /api/v1/auth/x?token=eyJhbGciOiJIUzI1NiIsInR5cCI6IkpXVCJ9.eyJfaWQiOiI2ODUxOGM3ZWRmNzA4MjUzMTQyNmIxZmMiLCJ1c2VybmFtZSI6ImFkbWluIiwiaWF0IjoxNzUwMzQ1NzY3LCJleHAiOjE3NTAzNzU3Njd9.KFykN4AM6z2l6npa_G1ZVKfLuGO6xv_Td2M9TW_9PyA 302 0 - 0.522 ms
::1 - GET /api/v1/user/ 304 - - 9.692 ms
::1 - GET /api/v1/auth/x?token=eyJhbGciOiJIUzI1NiIsInR5cCI6IkpXVCJ9.eyJfaWQiOiI2ODUxOGM3ZWRmNzA4MjUzMTQyNmIxZmMiLCJ1c2VybmFtZSI6ImFkbWluIiwiaWF0IjoxNzUwMzQ1NzY3LCJleHAiOjE3NTAzNzU3Njd9.KFykN4AM6z2l6npa_G1ZVKfLuGO6xv_Td2M9TW_9PyA 302 0 - 1.182 ms
::1 - POST /api/v1/auth/login/ 200 339 - 205.923 ms
::1 - GET /api/v1/user/ 200 507 - 13.189 ms
::1 - GET /api/v1/auth/x?token=eyJhbGciOiJIUzI1NiIsInR5cCI6IkpXVCJ9.eyJfaWQiOiI2ODUxOGM3ZWRmNzA4MjUzMTQyNmIxZmMiLCJ1c2VybmFtZSI6ImFkbWluIiwiaWF0IjoxNzUwMzUxMDA3LCJleHAiOjE3NTAzODEwMDd9.dTwZZt1QDAp2mx6YS_yUgLHiU9TIPIy2OH7n-_nQdBI 302 0 - 0.923 ms
::1 - GET /api/v1/user/ 304 - - 35.042 ms
::1 - GET /api/v1/user/ 304 - - 6.978 ms
::1 - GET /api/v1/auth/x?token=eyJhbGciOiJIUzI1NiIsInR5cCI6IkpXVCJ9.eyJfaWQiOiI2ODUxOGM3ZWRmNzA4MjUzMTQyNmIxZmMiLCJ1c2VybmFtZSI6ImFkbWluIiwiaWF0IjoxNzUwMzUxMDA3LCJleHAiOjE3NTAzODEwMDd9.dTwZZt1QDAp2mx6YS_yUgLHiU9TIPIy2OH7n-_nQdBI 302 0 - 3.221 ms
::1 - GET /api/v1/user/ 304 - - 215.330 ms
::1 - GET /api/v1/auth/linkedin?token=eyJhbGciOiJIUzI1NiIsInR5cCI6IkpXVCJ9.eyJfaWQiOiI2ODUxOGM3ZWRmNzA4MjUzMTQyNmIxZmMiLCJ1c2VybmFtZSI6ImFkbWluIiwiaWF0IjoxNzUwMzQ1NzY3LCJleHAiOjE3NTAzNzU3Njd9.KFykN4AM6z2l6npa_G1ZVKfLuGO6xv_Td2M9TW_9PyA 302 0 - 4.210 ms
::1 - GET /api/v1/user/ 304 - - 46.231 ms
::1 - GET /api/v1/auth/linkedin?token=eyJhbGciOiJIUzI1NiIsInR5cCI6IkpXVCJ9.eyJfaWQiOiI2ODUxOGM3ZWRmNzA4MjUzMTQyNmIxZmMiLCJ1c2VybmFtZSI6ImFkbWluIiwiaWF0IjoxNzUwMzQ1NzY3LCJleHAiOjE3NTAzNzU3Njd9.KFykN4AM6z2l6npa_G1ZVKfLuGO6xv_Td2M9TW_9PyA 302 0 - 4.633 ms
::1 - GET /api/v1/user/ 304 - - 86.625 ms
::1 - GET /api/v1/auth/linkedin?token=eyJhbGciOiJIUzI1NiIsInR5cCI6IkpXVCJ9.eyJfaWQiOiI2ODUxOGM3ZWRmNzA4MjUzMTQyNmIxZmMiLCJ1c2VybmFtZSI6ImFkbWluIiwiaWF0IjoxNzUwMzQ1NzY3LCJleHAiOjE3NTAzNzU3Njd9.KFykN4AM6z2l6npa_G1ZVKfLuGO6xv_Td2M9TW_9PyA 302 0 - 5.497 ms
::1 - GET /api/v1/user/ 304 - - 200.073 ms
::1 - GET /api/v1/auth/linkedin?token=eyJhbGciOiJIUzI1NiIsInR5cCI6IkpXVCJ9.eyJfaWQiOiI2ODUxOGM3ZWRmNzA4MjUzMTQyNmIxZmMiLCJ1c2VybmFtZSI6ImFkbWluIiwiaWF0IjoxNzUwMzQ1NzY3LCJleHAiOjE3NTAzNzU3Njd9.KFykN4AM6z2l6npa_G1ZVKfLuGO6xv_Td2M9TW_9PyA 302 0 - 3.522 ms
::1 - GET /api/v1/auth/linkedin?token=eyJhbGciOiJIUzI1NiIsInR5cCI6IkpXVCJ9.eyJfaWQiOiI2ODUxOGM3ZWRmNzA4MjUzMTQyNmIxZmMiLCJ1c2VybmFtZSI6ImFkbWluIiwiaWF0IjoxNzUwMzQ1NzY3LCJleHAiOjE3NTAzNzU3Njd9.KFykN4AM6z2l6npa_G1ZVKfLuGO6xv_Td2M9TW_9PyA 302 0 - 2.451 ms
::1 - GET /api/v1/auth/linkedin/callback?code=AQTPuNfI158fKS-jt0ICo10aOgY41n-NUby7htnYDPObvVLVwdEieNLsRgeh2ir1FKhetvpymQTDT-FZtH9guNXNaYRx2EpmJHBiqtRoNKcGeKyJgXqk8-bk535DU2hEk2UbHlVi7kZ_S9qqlj5Ip8-T4UoyA1dzuR57i5MQjNsZJdE35ZA-h9i6E6MiBH6mZVcWthOJILrfeP0cc0c&state=o5tchjErZFDMAM66w299An6p 302 35 - 3.411 ms
::1 - GET /api/v1/user/ 304 - - 192.995 ms
::1 - GET /api/v1/auth/linkedin?token=eyJhbGciOiJIUzI1NiIsInR5cCI6IkpXVCJ9.eyJfaWQiOiI2ODUxOGM3ZWRmNzA4MjUzMTQyNmIxZmMiLCJ1c2VybmFtZSI6ImFkbWluIiwiaWF0IjoxNzUwMzQ1NzY3LCJleHAiOjE3NTAzNzU3Njd9.KFykN4AM6z2l6npa_G1ZVKfLuGO6xv_Td2M9TW_9PyA 302 0 - 2.922 ms
::1 - GET /api/v1/user/ 304 - - 64.471 ms
::1 - GET /api/v1/auth/linkedin?token=eyJhbGciOiJIUzI1NiIsInR5cCI6IkpXVCJ9.eyJfaWQiOiI2ODUxOGM3ZWRmNzA4MjUzMTQyNmIxZmMiLCJ1c2VybmFtZSI6ImFkbWluIiwiaWF0IjoxNzUwMzQ1NzY3LCJleHAiOjE3NTAzNzU3Njd9.KFykN4AM6z2l6npa_G1ZVKfLuGO6xv_Td2M9TW_9PyA 302 0 - 5.232 ms
::1 - GET /api/v1/user/ 304 - - 36.452 ms
::1 - GET /api/v1/auth/linkedin?token=eyJhbGciOiJIUzI1NiIsInR5cCI6IkpXVCJ9.eyJfaWQiOiI2ODUxOGM3ZWRmNzA4MjUzMTQyNmIxZmMiLCJ1c2VybmFtZSI6ImFkbWluIiwiaWF0IjoxNzUwMzQ1NzY3LCJleHAiOjE3NTAzNzU3Njd9.KFykN4AM6z2l6npa_G1ZVKfLuGO6xv_Td2M9TW_9PyA 302 0 - 3.690 ms
::1 - GET /api/v1/auth/linkedin/callback?code=AQRndupCjWJ2PQFrPppx8eFkDC0zq8-gtDwmdfsuhBrj1f2656xqQuyco6WFPwtZdAA3KDVuXzz5UTCnMum4geSLlGoiCTOdok1-M0Z57l2rXuECeJm6JzhwQu2IioevnAgEdlfqG55hwI_YfEmRrNKHEJGnzEGXyCIcod3a9LZMKhb9yGa3Lo8Vo6Cj49xMzEUsiR7nG4MwCTFcS30&state=HRM2MRFChys6zCCr8szYsj9J 302 35 - 7.006 ms
::1 - GET /api/v1/user/ 304 - - 182.974 ms
::1 - GET /api/v1/auth/linkedin?token=eyJhbGciOiJIUzI1NiIsInR5cCI6IkpXVCJ9.eyJfaWQiOiI2ODUxOGM3ZWRmNzA4MjUzMTQyNmIxZmMiLCJ1c2VybmFtZSI6ImFkbWluIiwiaWF0IjoxNzUwMzQ1NzY3LCJleHAiOjE3NTAzNzU3Njd9.KFykN4AM6z2l6npa_G1ZVKfLuGO6xv_Td2M9TW_9PyA 302 0 - 1.974 ms
::1 - GET /api/v1/user/ 304 - - 89.013 ms
::1 - GET /api/v1/auth/linkedin?token=eyJhbGciOiJIUzI1NiIsInR5cCI6IkpXVCJ9.eyJfaWQiOiI2ODUxOGM3ZWRmNzA4MjUzMTQyNmIxZmMiLCJ1c2VybmFtZSI6ImFkbWluIiwiaWF0IjoxNzUwMzQ1NzY3LCJleHAiOjE3NTAzNzU3Njd9.KFykN4AM6z2l6npa_G1ZVKfLuGO6xv_Td2M9TW_9PyA 302 0 - 3.513 ms
::1 - GET /api/v1/user/ 304 - - 23.584 ms
::1 - GET /api/v1/user/ 304 - - 23.172 ms
::1 - GET /api/v1/user/ 304 - - 33.216 ms
::1 - GET /api/v1/user/ 304 - - 7.253 ms
::1 - GET /api/v1/auth/linkedin?token=eyJhbGciOiJIUzI1NiIsInR5cCI6IkpXVCJ9.eyJfaWQiOiI2ODUxOGM3ZWRmNzA4MjUzMTQyNmIxZmMiLCJ1c2VybmFtZSI6ImFkbWluIiwiaWF0IjoxNzUwMzQ1NzY3LCJleHAiOjE3NTAzNzU3Njd9.KFykN4AM6z2l6npa_G1ZVKfLuGO6xv_Td2M9TW_9PyA 302 0 - 2.393 ms
::1 - GET /api/v1/user/ 304 - - 208.032 ms
::1 - GET /api/v1/auth/linkedin?token=eyJhbGciOiJIUzI1NiIsInR5cCI6IkpXVCJ9.eyJfaWQiOiI2ODUxOGM3ZWRmNzA4MjUzMTQyNmIxZmMiLCJ1c2VybmFtZSI6ImFkbWluIiwiaWF0IjoxNzUwMzQ1NzY3LCJleHAiOjE3NTAzNzU3Njd9.KFykN4AM6z2l6npa_G1ZVKfLuGO6xv_Td2M9TW_9PyA 302 0 - 4.127 ms
::1 - GET /api/v1/auth/linkedin/callback?code=AQT2cXU54kCANP5-yTH7nPLBr3Uh8bNIGEQbbUu_RqW4UDcqxSa2llsiu_Fzx6DCuRiDU0Csi29whaZvsykuZ57l0Y-thUX31Zxmzvbi7qtsFUcog2KWYgn-DMM3EiLWAjesLATuSOa1zl2QlVbpg3RauEQP9274bn25kjYgVOhUErX2ypgJ4u6WMVUz1xNKePA-CAuyNzeGL4kgEA4&state=LwuwgB3gwVLOXEaFM93myMHD - - - - ms
::1 - GET /api/v1/auth/linkedin?token=eyJhbGciOiJIUzI1NiIsInR5cCI6IkpXVCJ9.eyJfaWQiOiI2ODUxOGM3ZWRmNzA4MjUzMTQyNmIxZmMiLCJ1c2VybmFtZSI6ImFkbWluIiwiaWF0IjoxNzUwMzQ1NzY3LCJleHAiOjE3NTAzNzU3Njd9.KFykN4AM6z2l6npa_G1ZVKfLuGO6xv_Td2M9TW_9PyA 302 0 - 0.604 ms
::1 - GET /api/v1/auth/linkedin/callback?code=AQSlM-eXSwtNmFnaESz_OBZxMX61BX94UybFkzbomK74MVEaJw3E9AyqGg2dRqUiJL_5YvcLQM5d0S59apO5OUk_3r5X61NU8Krb-FqtUhocH_OO4krBklGm1nE5Mcs51WfVdrDVP_-wdNoPDIGgruRk5IyiKu8Q8HtP_wWwWQGE9QET0su7OGKUMxpDzpP3kCWIr8LQjX1bIqvBCWU&state=T7aezzGgVu0sOuB8E8FZUCfA 302 35 - 6.269 ms
::1 - GET /api/v1/user/ 304 - - 17.988 ms
::1 - GET /api/v1/auth/linkedin?token=eyJhbGciOiJIUzI1NiIsInR5cCI6IkpXVCJ9.eyJfaWQiOiI2ODUxOGM3ZWRmNzA4MjUzMTQyNmIxZmMiLCJ1c2VybmFtZSI6ImFkbWluIiwiaWF0IjoxNzUwMzQ1NzY3LCJleHAiOjE3NTAzNzU3Njd9.KFykN4AM6z2l6npa_G1ZVKfLuGO6xv_Td2M9TW_9PyA 302 0 - 0.511 ms
::1 - GET /api/v1/user/ 304 - - 164.229 ms
::1 - GET /api/v1/auth/discord 302 0 - 4.324 ms
::1 - GET /api/v1/user/ 304 - - 15.519 ms
::1 - GET /api/v1/auth/discord 302 0 - 1.249 ms
::1 - GET /api/v1/auth/discord/callback?code=Tf4nMQEfLEXa15EvKZ3MAywFuK3KF1 302 35 - 9.745 ms
::1 - GET /api/v1/user/ 304 - - 80.466 ms
::1 - GET /api/v1/auth/discord 302 0 - 3.084 ms
::1 - GET /api/v1/auth/discord/callback?code=fSsnPxXoCrkQnKhQCcZFOw9B6vgnH5 302 35 - 4.147 ms
::1 - GET /api/v1/user/ 304 - - 11.871 ms
::1 - GET /api/v1/auth/linkedin 302 0 - 1.339 ms
::1 - GET /api/v1/user/ 304 - - 9.880 ms
::1 - PUT /api/v1/user/68518c7edf7082531426b1fc/ 200 647 - 37.208 ms
::1 - GET /api/v1/user/ 200 530 - 48.953 ms
::1 - PUT /api/v1/user/68518c7edf7082531426b1fc/ 200 650 - 12.477 ms
::1 - GET /api/v1/user/ 200 533 - 9.072 ms
::1 - PUT /api/v1/user/68518c7edf7082531426b1fc/ 200 658 - 11.570 ms
::1 - GET /api/v1/user/ 200 541 - 6.661 ms
::1 - PUT /api/v1/user/68518c7edf7082531426b1fc/ 200 650 - 10.337 ms
::1 - GET /api/v1/user/ 200 533 - 8.835 ms
::1 - GET /api/v1/user/ 304 - - 12.230 ms
::1 - GET /api/v1/auth/linkedin 302 0 - 0.677 ms
::1 - GET /api/v1/user/ 304 - - 14.230 ms
::1 - GET /api/v1/auth/x 302 0 - 1.375 ms
::1 - GET /api/v1/user/ 304 - - 11.058 ms
::1 - GET /api/v1/user/ 304 - - 11.278 ms
::1 - GET /api/v1/auth/discord 302 0 - 1.126 ms
::1 - GET /api/v1/user/ 304 - - 40.416 ms
::1 - GET /api/v1/auth/discord 302 0 - 3.158 ms
::1 - GET /api/v1/auth/discord/callback?code=ylLZE8ylJl8o0REeVrqwEkKPNZmJBT&state=4cQ68uiJxhAMDsPzNInIyCsE 302 35 - 4.774 ms
::1 - GET /api/v1/auth/discord 302 0 - 1.396 ms
::1 - GET /api/v1/user/ 304 - - 37.553 ms
::1 - GET /api/v1/user/ 304 - - 8.017 ms
::1 - GET /api/v1/auth/linkedin 302 0 - 1.485 ms
::1 - GET /api/v1/auth/linkedin/callback?code=AQQ5Y8otnvfr6HEXxaiOAgpw2TGhEajv1bwFKr1BXGSbUhBXGenOcfMlfuxd02gZ-YNzoQJRaBcdFMP4AcG-A39RGq9laIxvc4xaWuvBRIPGuhlWo66muRAzAJttw35m4IjxHMqIoCukH1N6ZJI21xLAKGbIwoUDKX9kio2ZpT7mb5WwFPSRy7y01cOyboiwVlW0c_SDpK6B2xjhruE&state=zAblbwelxICMagFhgr8uyvRj - - - - ms
::1 - GET /api/v1/auth/google?token=eyJhbGciOiJIUzI1NiIsInR5cCI6IkpXVCJ9.eyJfaWQiOiI2ODUxOGM3ZWRmNzA4MjUzMTQyNmIxZmMiLCJ1c2VybmFtZSI6ImFkbWluIiwiaWF0IjoxNzUwMzQ1NzY3LCJleHAiOjE3NTAzNzU3Njd9.KFykN4AM6z2l6npa_G1ZVKfLuGO6xv_Td2M9TW_9PyA 302 0 - 0.858 ms
::1 - GET /api/v1/auth/google/callback?code=4%2F0AUJR-x5rVTRKB0MWo_x94URIBab_-mEd9BdZi1G5ijraqQQL9D_7GmCSE5zTiGpF9TNCLQ&scope=email+profile+https%3A%2F%2Fwww.googleapis.com%2Fauth%2Fuserinfo.email+https%3A%2F%2Fwww.googleapis.com%2Fauth%2Fuserinfo.profile+openid&authuser=0&prompt=none 302 55 - 511.547 ms
::1 - GET /api/v1/user/ 304 - - 25.403 ms
::1 - GET /api/v1/auth/discord 302 0 - 3.236 ms
::1 - GET /api/v1/auth/discord/callback?code=BVqfaKsnjSef0Odf4xLFJ7grPbyswZ&state=sr2s8t5FCvBW3tuJBQsFuRBr 302 55 - 1054.242 ms
::1 - GET /api/v1/user/ 200 533 - 6.883 ms
::1 - GET /api/v1/auth/discord/callback 302 0 - 0.404 ms
::1 - GET /api/v1/user/ 304 - - 20.740 ms
::1 - GET /api/v1/user/ 304 - - 8.166 ms
::1 - GET /api/v1/auth/linkedin 302 0 - 3.800 ms
::1 - GET /api/v1/user/ 200 559 - 21.541 ms
::1 - GET /api/v1/user/ 304 - - 9.282 ms
::1 - GET /api/v1/user/ 304 - - 7.212 ms
::1 - GET /api/v1/user/ 304 - - 6.539 ms
::1 - GET /api/v1/user/ 304 - - 7.563 ms
::1 - GET /api/v1/auth/discord 302 0 - 2.952 ms
::1 - GET /api/v1/auth/discord/callback?code=ELGLPDWZhqkc4kdcagfpzRLr9JoGtL&state=0H0iLqkblSDBBSxxMgopztpb 302 55 - 1045.115 ms
::1 - GET /api/v1/user/ 200 558 - 8.416 ms
::1 - GET /api/v1/user/ 200 558 - 5.028 ms
::1 - GET /api/v1/user/ 304 - - 4.732 ms
