::1 - GET /gift 404 143 - 1.382 ms
::1 - GET /gifts 404 144 - 0.289 ms
::1 - GET /gift 404 143 - 0.200 ms
::1 - GET /api/v1/gift 404 150 - 0.488 ms
::1 - GET /api/v1/gifts 404 151 - 0.501 ms
::1 - GET /api/v1/gift 404 150 - 0.240 ms
::1 - POST /api/v1/gift 406 62 - 3.952 ms
::1 - POST /api/v1/gift 406 62 - 2.980 ms
::1 - PUT /api/v1/gift/683c7ad83ee4f83cda03d3ff 500 27 - 20.443 ms
::1 - PUT /api/v1/gift/683c7ad83ee4f83cda03d3fwf 500 317 - 4.753 ms
::1 - PUT /api/v1/gift/683c7ad83ee4f83cda03d3f2wf 500 320 - 0.772 ms
::1 - GET /api/v1/gift/683c7ad83ee4f83cda03d3ff 404 51 - 1.749 ms
::1 - GET /api/v1/gift 401 49 - 1.938 ms
::1 - POST /api/v1/auth/login 500 1294 - 7.979 ms
::1 - POST /api/v1/auth/login 406 70 - 2.354 ms
::1 - POST /api/v1/auth/login 406 70 - 0.908 ms
::1 - POST /api/v1/user 406 66 - 8.090 ms
::1 - POST /api/v1/user/6834a548b7f05d36852a90f8 404 176 - 2.163 ms
::1 - POST /api/v1/user/6834a548b7f05d36852a90f8 404 176 - 0.911 ms
::1 - POST /api/v1/user 406 66 - 5.787 ms
::1 - POST /api/v1/user/6834a548b7f05d36852a90f8 404 176 - 0.977 ms
::1 - GET /api/v1/gift 500 49 - 1.201 ms
::1 - GET /api/v1/gift/ 500 49 - 0.474 ms
::1 - GET /api/v1/gift/:id 500 251 - 3.149 ms
::1 - GET /api/v1/chatroom/:id 500 255 - 3.796 ms
::1 - GET /favicon.ico 404 150 - 2.894 ms
::1 - GET /api/v1/api-docs 404 154 - 1.574 ms
::1 - GET /api/v1/api-doc 404 153 - 1.664 ms
::1 - GET /api-doc 404 146 - 0.373 ms
::1 - POST /api/v1/auth/forgetpassword 406 52 - 11.546 ms
::1 - GET /favicon.ico 404 150 - 1.252 ms
::1 - POST /api/v1/user 406 66 - 4.054 ms
::1 - POST /api/v1/user 406 66 - 2.484 ms
::1 - POST /api/v1/user 406 66 - 2.381 ms
::1 - POST /api/v1/user 500 354 - 102.696 ms
::1 - POST /api/v1/user 406 66 - 1.929 ms
::1 - POST /api/v1/user 500 559 - 115.813 ms
::1 - POST /api/v1/user 406 66 - 12.049 ms
::1 - POST /api/v1/user 500 548 - 153.421 ms
::1 - POST /api/v1/user 406 66 - 12.909 ms
::1 - POST /api/v1/auth/verifyotp 404 49 - 21.814 ms
::1 - POST /api/v1/auth/verifyotp 406 52 - 3.423 ms
::1 - POST /api/v1/auth/verifyotp 406 52 - 2.449 ms
::1 - POST /api/v1/auth/verifyotp 404 56 - 5.661 ms
::1 - POST /api/v1/auth/verifyotp 404 56 - 2.978 ms
::1 - POST /api/v1/auth/verifyotp 404 35 - 21.099 ms
::1 - POST /api/v1/auth/verifyotp 404 70 - 15.136 ms
::1 - POST /api/v1/auth/verifyotp 404 70 - 7.301 ms
::1 - POST /api/v1/auth/verifyotp 404 70 - 10.272 ms
::1 - POST /api/v1/auth/verifyotp 404 70 - 6.399 ms
::1 - POST /api/v1/auth/verifyotp 404 70 - 7.978 ms
::1 - POST /api/v1/user 406 66 - 4.774 ms
::1 - POST /api/v1/user 406 66 - 7.550 ms
::1 - POST /api/v1/auth/logi 404 156 - 0.628 ms
::1 - POST /api/v1/auth/login 500 27 - 1.567 ms
::1 - POST /api/v1/auth/login 500 27 - 0.376 ms
::1 - POST /api/v1/auth/login 500 27 - 1.689 ms
::1 - POST /api/v1/auth/login 500 27 - 0.446 ms
::1 - POST /api/v1/auth/login 500 27 - 1.821 ms
::1 - POST /api/v1/auth/login 500 27 - 0.325 ms
::1 - POST /api/v1/auth/login 500 27 - 1.566 ms
::1 - POST /api/v1/auth/login 500 27 - 0.338 ms
::1 - POST /api/v1/auth/login 406 70 - 0.867 ms
::1 - POST /api/v1/auth/login 406 70 - 0.704 ms
::1 - POST /api/v1/auth/login 406 76 - 1.731 ms
::1 - POST /api/v1/auth/login 406 76 - 0.556 ms
::1 - POST /api/v1/auth/login 406 76 - 0.536 ms
::1 - POST /api/v1/auth/login 406 55 - 5.132 ms
::1 - POST /api/v1/auth/login 406 55 - 4.836 ms
::1 - POST /api/v1/auth/login 406 55 - 11.179 ms
::1 - POST /api/v1/auth/login 406 55 - 4.790 ms
::1 - POST /api/v1/auth/login 406 52 - 6.172 ms
::1 - POST /api/v1/user 406 66 - 6.767 ms
::1 - POST /api/v1/user 406 87 - 0.884 ms
::1 - POST /api/v1/auth/resendotp 406 66 - 1.692 ms
::1 - POST /api/v1/auth/changepassword 406 84 - 5.685 ms
::1 - POST /api/v1/arena 406 73 - 35.048 ms
::1 - POST /api/v1/arena 500 809 - 22.781 ms
::1 - POST /api/v1/arena 500 2156 - 44.367 ms
::1 - POST /api/v1/arena 500 2477 - 49.402 ms
::1 - POST /api/v1/arena 500 4240 - 12.006 ms
::1 - POST /api/v1/arena 500 4207 - 13.601 ms
::1 - POST /api/v1/arena 500 4241 - 11.860 ms
